2025-06-17T14:37:32.602Z [info]: Retrieving Sellers. Search: ""
2025-06-17T14:37:33.499Z [info]: Retrieving Users List 
2025-06-17T14:41:33.545Z [info]: Retrieving Users List 
2025-06-17T14:41:34.524Z [info]: Retrieving Sellers. Search: ""
2025-06-17T14:46:15.396Z [info]: Retrieving Sellers. Search: ""
2025-06-17T14:46:33.260Z [info]: Retrieving Users List 
2025-06-17T14:49:21.158Z [info]: Retrieving Users List 
2025-06-17T14:49:22.724Z [info]: Retrieving Sellers. Search: ""
2025-06-17T14:49:25.279Z [info]: Retrieving Sellers. Search: ""
2025-06-17T14:49:25.960Z [info]: Retrieving Users List 
2025-06-17T14:49:29.774Z [info]: Retrieving Users List 
2025-06-17T14:50:15.373Z [info]: Retrieving Users List 
2025-06-17T14:50:19.353Z [info]: Retrieving Users List 
2025-06-17T14:52:23.804Z [info]: Retrieving Users List 
2025-06-17T14:55:44.183Z [info]: Retrieving Users List 
2025-06-17T15:01:55.462Z [info]: Retrieving Users List 
2025-06-18T05:23:15.915Z [info]: Retrieving Users List 
2025-06-18T05:23:17.080Z [info]: Retrieving Sellers. Search: ""
2025-06-18T05:23:32.134Z [error]: Error retrieving orders connect ECONNREFUSED ::1:27017, connect ECONNREFUSED 127.0.0.1:27017
2025-06-18T05:23:45.939Z [error]: Error retrieving users connect ECONNREFUSED ::1:27017, connect ECONNREFUSED 127.0.0.1:27017
2025-06-18T05:23:47.086Z [error]: Error retrieving sellers: connect ECONNREFUSED ::1:27017, connect ECONNREFUSED 127.0.0.1:27017
2025-06-18T05:23:48.687Z [info]: Retrieving Sellers. Search: ""
2025-06-18T05:24:12.131Z [info]: Retrieving Users List 
2025-06-18T05:24:13.596Z [error]: Error retrieving orders connect ECONNREFUSED ::1:27017, connect ECONNREFUSED 127.0.0.1:27017
2025-06-18T05:24:18.697Z [error]: Error retrieving sellers: connect ECONNREFUSED ::1:27017, connect ECONNREFUSED 127.0.0.1:27017
2025-06-18T05:24:42.141Z [error]: Error retrieving users connect ECONNREFUSED ::1:27017, connect ECONNREFUSED 127.0.0.1:27017
2025-06-18T05:26:47.107Z [info]: Retrieving Users List 
2025-06-18T05:26:48.060Z [info]: Retrieving Sellers. Search: ""
2025-06-18T05:26:50.914Z [error]: Error retrieving orders Operation `users.find()` buffering timed out after 10000ms
2025-06-18T05:33:16.348Z [info]: Retrieving Users List 
2025-06-18T05:33:35.302Z [info]: Retrieving Users List 
2025-06-18T05:33:39.541Z [info]: Retrieving Users List 
2025-06-18T06:37:54.012Z [info]: Retrieving Sellers. Search: ""
2025-06-18T06:37:55.975Z [info]: Retrieving Users List 
2025-06-18T06:54:46.430Z [info]: Retrieving Sellers. Search: ""
2025-06-18T06:54:47.513Z [info]: Retrieving Users List 
2025-06-18T06:54:48.273Z [info]: Retrieving Sellers. Search: ""
2025-06-18T07:04:51.538Z [info]: Retrieving Sellers. Search: ""
2025-06-18T07:04:52.424Z [info]: Retrieving Users List 
2025-06-18T07:06:54.016Z [info]: Retrieving Users List 
2025-06-18T07:06:54.571Z [info]: Retrieving Sellers. Search: ""
2025-06-18T07:06:56.366Z [info]: Retrieving Users List 
2025-06-18T07:06:57.888Z [info]: Retrieving Sellers. Search: ""
2025-06-18T07:06:58.307Z [info]: Retrieving Users List 
2025-06-18T07:07:35.256Z [info]: Retrieving Users List 
2025-06-18T07:07:35.605Z [info]: Retrieving Sellers. Search: ""
2025-06-18T07:07:36.279Z [info]: Retrieving Users List 
2025-06-18T07:07:36.974Z [info]: Retrieving Sellers. Search: ""
2025-06-18T07:07:37.351Z [info]: Retrieving Users List 
2025-06-18T07:07:41.512Z [info]: Retrieving Users List 
2025-06-18T07:07:41.839Z [info]: Retrieving Sellers. Search: ""
2025-06-18T07:07:45.766Z [info]: Retrieving Sellers. Search: ""
2025-06-18T07:07:46.112Z [info]: Retrieving Users List 
2025-06-18T07:07:46.481Z [info]: Retrieving Sellers. Search: ""
